[2025-04-17T14:24:40.468Z] INFO: Starting WhatsApp Web Bot...
[2025-04-17T14:24:40.472Z] INFO: Connecting to MongoDB...
[2025-04-17T14:26:34.801Z] INFO: Starting WhatsApp Web Bot...
[2025-04-17T14:26:34.804Z] INFO: Connecting to MongoDB...
[2025-04-17T14:30:21.700Z] INFO: Starting WhatsApp Web Bot...
[2025-04-17T14:30:21.704Z] INFO: Connecting to MongoDB...
[2025-04-17T16:28:41.041Z] INFO: Starting WhatsApp Web Bot...
[2025-04-17T16:28:41.079Z] INFO: Connecting to MongoDB...
[2025-04-17T16:28:44.089Z] INFO: MongoDB connection established
[2025-04-17T16:28:44.104Z] INFO: Starting bot with max 5 sessions
[2025-04-17T16:28:44.118Z] ERROR: Failed to start application: TypeError: bot.start is not a function
    at startApplication (C:\Users\Simplicity\Desktop\Whatsapp web\index.js:91:9)
    at process.processTicksAndRejections (node:internal/process/task_queues:105:5)
[2025-04-17T16:32:42.216Z] INFO: Starting WhatsApp Web Bot...
[2025-04-17T16:32:42.227Z] INFO: Connecting to MongoDB...
[2025-04-17T16:32:58.515Z] INFO: Starting WhatsApp Web Bot...
[2025-04-17T16:32:58.519Z] INFO: Connecting to MongoDB...
[2025-04-17T16:33:47.341Z] INFO: Starting WhatsApp Web Bot...
[2025-04-17T16:33:47.352Z] INFO: Connecting to MongoDB...
[2025-04-17T16:34:11.067Z] INFO: Starting WhatsApp Web Bot...
[2025-04-17T16:34:11.081Z] INFO: Connecting to MongoDB...
[2025-04-17T16:34:13.660Z] INFO: MongoDB connection established
[2025-04-17T16:34:13.661Z] INFO: Starting bot with max 5 sessions
[2025-04-17T16:34:13.662Z] ERROR: Failed to start application: TypeError: bot.start is not a function
    at startApplication (C:\Users\Simplicity\Desktop\Whatsapp web\index.js:91:9)
    at process.processTicksAndRejections (node:internal/process/task_queues:105:5)
[2025-04-17T16:36:41.224Z] INFO: Starting WhatsApp Web Bot...
[2025-04-17T16:36:41.230Z] INFO: Connecting to MongoDB...
[2025-04-17T16:36:43.330Z] INFO: MongoDB connection established
[2025-04-17T16:36:43.331Z] INFO: Starting bot with max 5 sessions
[2025-04-17T16:36:43.332Z] ERROR: Failed to start application: TypeError: bot.start is not a function
    at startApplication (C:\Users\Simplicity\Desktop\Whatsapp web\index.js:91:9)
    at process.processTicksAndRejections (node:internal/process/task_queues:105:5)
[2025-04-17T19:03:12.312Z] INFO: Starting WhatsApp Web Bot...
[2025-04-17T19:03:12.313Z] INFO: Connecting to MongoDB...
[2025-04-17T19:05:35.329Z] INFO: Starting WhatsApp Web Bot...
[2025-04-17T19:05:35.331Z] INFO: Connecting to MongoDB...
[2025-04-17T19:05:37.594Z] INFO: MongoDB connection established
[2025-04-17T19:05:37.595Z] INFO: Starting bot with max 5 sessions
[2025-04-17T19:05:37.597Z] ERROR: Failed to start application: TypeError: bot.start is not a function
    at startApplication (C:\Users\Simplicity\Desktop\Whatsapp web\index.js:91:9)
    at process.processTicksAndRejections (node:internal/process/task_queues:105:5)
[2025-04-17T19:56:23.024Z] INFO: Starting WhatsApp Web Bot...
[2025-04-17T19:56:23.028Z] INFO: Connecting to MongoDB...
[2025-04-17T19:56:28.257Z] INFO: MongoDB connection established
[2025-04-17T19:56:28.258Z] INFO: Starting bot with max 5 sessions
[2025-04-17T19:56:28.262Z] INFO: Bot started successfully
[2025-04-17T20:10:35.571Z] ERROR: Unhandled Rejection at: ProtocolError: Protocol error (Network.getResponseBody): Target closed.
    at C:\Users\Simplicity\Desktop\Whatsapp web\node_modules\puppeteer-core\lib\cjs\puppeteer\common\Connection.js:329:24
    at new Promise (<anonymous>)
    at CDPSessionImpl.send (C:\Users\Simplicity\Desktop\Whatsapp web\node_modules\puppeteer-core\lib\cjs\puppeteer\common\Connection.js:325:16)
    at C:\Users\Simplicity\Desktop\Whatsapp web\node_modules\puppeteer-core\lib\cjs\puppeteer\common\HTTPResponse.js:140:100
    at process.processTicksAndRejections (node:internal/process/task_queues:105:5)
    at async HTTPResponse.text (C:\Users\Simplicity\Desktop\Whatsapp web\node_modules\puppeteer-core\lib\cjs\puppeteer\common\HTTPResponse.js:160:25)
    at async C:\Users\Simplicity\Desktop\Whatsapp web\node_modules\whatsapp-web.js\src\Client.js:786:39
[2025-04-19T13:40:30.753Z] INFO: Starting WhatsApp Web Bot...
[2025-04-19T13:40:30.757Z] INFO: Connecting to MongoDB...
[2025-04-19T13:40:32.988Z] INFO: MongoDB connection established
[2025-04-19T13:40:32.989Z] INFO: Starting bot with max 1000 sessions
[2025-04-19T13:40:32.993Z] INFO: Bot started successfully
[2025-04-19T14:00:05.212Z] INFO: Starting WhatsApp Web Bot...
[2025-04-19T14:00:05.216Z] INFO: Connecting to MongoDB...
[2025-04-19T14:00:07.580Z] INFO: MongoDB connection established
[2025-04-19T14:00:07.581Z] INFO: Starting bot with max 1000 sessions
[2025-04-19T14:00:07.590Z] INFO: Bot started successfully
[2025-04-19T15:36:58.531Z] INFO: Starting WhatsApp Web Bot...
[2025-04-19T15:36:58.594Z] INFO: Connecting to MongoDB...
[2025-04-19T15:37:01.241Z] INFO: MongoDB connection established
[2025-04-19T15:37:01.242Z] INFO: Starting bot with max 1000 sessions
[2025-04-19T15:37:01.246Z] INFO: Bot started successfully
[2025-04-19T15:46:36.870Z] INFO: Starting WhatsApp Web Bot...
[2025-04-19T15:46:36.878Z] INFO: Connecting to MongoDB...
[2025-04-19T15:46:38.801Z] INFO: MongoDB connection established
[2025-04-19T15:46:38.802Z] INFO: Starting bot with max 1000 sessions
[2025-04-19T15:46:38.806Z] INFO: Bot started successfully
[2025-04-19T15:56:13.245Z] ERROR: Unhandled Rejection at: Error: JSHandles can be evaluated only in the context they were created!
    at ExecutionContext.convertArgument (C:\Users\Simplicity\Desktop\Whatsapp web\node_modules\puppeteer-core\lib\cjs\puppeteer\common\ExecutionContext.js:257:23)
    at Array.map (<anonymous>)
    at ExecutionContext._ExecutionContext_evaluate (C:\Users\Simplicity\Desktop\Whatsapp web\node_modules\puppeteer-core\lib\cjs\puppeteer\common\ExecutionContext.js:214:47)
    at ExecutionContext.evaluateHandle (C:\Users\Simplicity\Desktop\Whatsapp web\node_modules\puppeteer-core\lib\cjs\puppeteer\common\ExecutionContext.js:159:107)
    at IsolatedWorld.evaluateHandle (C:\Users\Simplicity\Desktop\Whatsapp web\node_modules\puppeteer-core\lib\cjs\puppeteer\common\IsolatedWorld.js:165:24)
    at process.processTicksAndRejections (node:internal/process/task_queues:105:5)
    at async WaitTask.rerun (C:\Users\Simplicity\Desktop\Whatsapp web\node_modules\puppeteer-core\lib\cjs\puppeteer\common\WaitTask.js:87:68)
[2025-04-19T16:07:58.765Z] INFO: Starting WhatsApp Web Bot...
[2025-04-19T16:07:58.769Z] INFO: Connecting to MongoDB...
[2025-04-19T16:08:01.166Z] INFO: MongoDB connection established
[2025-04-19T16:08:01.166Z] INFO: Starting bot with max 1000 sessions
[2025-04-19T16:08:01.170Z] INFO: Bot started successfully
[2025-04-19T16:32:34.639Z] INFO: Starting WhatsApp Web Bot...
[2025-04-19T16:32:34.652Z] INFO: Connecting to MongoDB...
[2025-04-19T16:32:37.283Z] INFO: MongoDB connection established
[2025-04-19T16:32:37.284Z] INFO: Starting bot with max 1000 sessions
[2025-04-19T16:32:37.285Z] ERROR: Failed to start application: ReferenceError: current is not defined
    at createMultipleSessions (C:\Users\Simplicity\Desktop\Whatsapp web\bot.js:808:9)
    at Object.start (C:\Users\Simplicity\Desktop\Whatsapp web\bot.js:877:9)
    at startApplication (C:\Users\Simplicity\Desktop\Whatsapp web\index.js:85:9)
    at process.processTicksAndRejections (node:internal/process/task_queues:105:5)
[2025-04-19T16:44:25.988Z] INFO: Starting WhatsApp Web Bot...
[2025-04-19T16:44:25.994Z] INFO: Connecting to MongoDB...
[2025-04-19T16:44:28.325Z] INFO: MongoDB connection established
[2025-04-19T16:44:28.355Z] INFO: Starting bot with max 1000 sessions
[2025-04-19T16:44:28.366Z] ERROR: Failed to start application: ReferenceError: current is not defined
    at createMultipleSessions (C:\Users\Simplicity\Desktop\Whatsapp web\bot.js:808:9)
    at Object.start (C:\Users\Simplicity\Desktop\Whatsapp web\bot.js:877:9)
    at startApplication (C:\Users\Simplicity\Desktop\Whatsapp web\index.js:85:9)
    at process.processTicksAndRejections (node:internal/process/task_queues:105:5)
[2025-04-19T16:47:52.476Z] INFO: Starting WhatsApp Web Bot...
[2025-04-19T16:47:52.480Z] INFO: Connecting to MongoDB...
[2025-04-19T16:47:54.706Z] INFO: MongoDB connection established
[2025-04-19T16:47:54.707Z] INFO: Starting bot with max 1000 sessions
[2025-04-19T16:47:54.708Z] ERROR: Failed to start application: ReferenceError: current is not defined
    at createMultipleSessions (C:\Users\Simplicity\Desktop\Whatsapp web\bot.js:808:9)
    at Object.start (C:\Users\Simplicity\Desktop\Whatsapp web\bot.js:877:9)
    at startApplication (C:\Users\Simplicity\Desktop\Whatsapp web\index.js:85:9)
    at process.processTicksAndRejections (node:internal/process/task_queues:105:5)
[2025-04-19T17:01:16.139Z] INFO: Starting WhatsApp Web Bot...
[2025-04-19T17:01:16.144Z] INFO: Connecting to MongoDB...
[2025-04-19T17:01:18.458Z] INFO: MongoDB connection established
[2025-04-19T17:01:18.459Z] INFO: Starting bot with max 1000 sessions
[2025-04-19T17:01:18.460Z] ERROR: Failed to start application: ReferenceError: current is not defined
    at createMultipleSessions (C:\Users\Simplicity\Desktop\Whatsapp web\bot.js:809:9)
    at Object.start (C:\Users\Simplicity\Desktop\Whatsapp web\bot.js:860:9)
    at startApplication (C:\Users\Simplicity\Desktop\Whatsapp web\index.js:85:9)
    at process.processTicksAndRejections (node:internal/process/task_queues:105:5)
[2025-04-19T17:06:27.748Z] INFO: Starting WhatsApp Web Bot...
[2025-04-19T17:06:27.752Z] INFO: Connecting to MongoDB...
[2025-04-19T17:06:29.993Z] INFO: MongoDB connection established
[2025-04-19T17:06:29.994Z] INFO: Starting bot with max 1000 sessions
[2025-04-19T17:06:30.003Z] INFO: Bot started successfully
[2025-04-19T17:17:06.972Z] INFO: Starting WhatsApp Web Bot...
[2025-04-19T17:17:06.976Z] INFO: Connecting to MongoDB...
[2025-04-19T17:17:09.349Z] INFO: MongoDB connection established
[2025-04-19T17:17:09.351Z] INFO: Starting bot with max 1000 sessions
[2025-04-19T17:17:09.368Z] INFO: Bot started successfully
[2025-04-19T17:28:36.168Z] INFO: Starting WhatsApp Web Bot...
[2025-04-19T17:28:36.171Z] INFO: Connecting to MongoDB...
[2025-04-19T17:28:38.604Z] INFO: MongoDB connection established
[2025-04-19T17:28:38.605Z] INFO: Starting bot with max 1000 sessions
[2025-04-19T17:28:38.609Z] INFO: Bot started successfully
[2025-04-19T19:45:22.863Z] INFO: Starting WhatsApp Web Bot...
[2025-04-19T19:45:22.867Z] INFO: Connecting to MongoDB...
[2025-04-19T19:45:25.336Z] INFO: MongoDB connection established
[2025-04-19T19:45:25.337Z] INFO: Starting bot with max 1000 sessions
[2025-04-19T19:45:25.340Z] INFO: Bot started successfully
[2025-04-19T20:12:13.913Z] INFO: Starting WhatsApp Web Bot...
[2025-04-19T20:12:13.916Z] INFO: Connecting to MongoDB...
[2025-04-19T20:12:16.057Z] INFO: MongoDB connection established
[2025-04-19T20:12:16.058Z] INFO: Starting bot with max 1000 sessions
[2025-04-19T20:12:16.062Z] INFO: Bot started successfully
[2025-04-19T20:33:17.195Z] INFO: Starting WhatsApp Web Bot...
[2025-04-19T20:33:17.198Z] INFO: Connecting to MongoDB...
[2025-04-19T20:33:19.432Z] INFO: MongoDB connection established
[2025-04-19T20:33:19.433Z] INFO: Starting bot with max 1000 sessions
[2025-04-19T20:33:19.438Z] INFO: Bot started successfully
[2025-04-19T21:16:27.041Z] INFO: Starting WhatsApp Web Bot...
[2025-04-19T21:16:27.045Z] INFO: Connecting to MongoDB...
[2025-04-19T21:16:29.280Z] INFO: MongoDB connection established
[2025-04-19T21:16:29.281Z] INFO: Starting bot with max 1000 sessions
[2025-04-19T21:16:29.286Z] INFO: Bot started successfully
[2025-04-20T06:40:41.988Z] INFO: Starting WhatsApp Web Bot...
[2025-04-20T06:40:41.993Z] INFO: Connecting to MongoDB...
[2025-04-20T06:40:47.021Z] INFO: MongoDB connection established
[2025-04-20T06:40:47.023Z] INFO: Starting bot with max 1000 sessions
[2025-04-20T06:40:47.029Z] INFO: Bot started successfully
